<?xml version="1.0" encoding="UTF-8"?>
<!-- Generated by org.testng.reporters.JUnitXMLReporter -->
<testsuite hostname="TheDreamer" ignored="0" name="Default test" tests="3" failures="0" timestamp="2023-04-07T15:01:17 CDT" time="12.653" errors="0">
  <testcase name="SelectDropDown" time="0.25" classname="testngConcept.LearningTestNG"/>
  <testcase name="UserAddCategory" time="0.403" classname="testngConcept.LearningTestNG"/>
  <testcase name="UserCantAdd" time="3.68" classname="testngConcept.LearningTestNG"/>
</testsuite> <!-- Default test -->
